<?xml version="1.0" encoding="UTF-8"?>
<testsuite name="test.java.AvaliacaoSegurancaTest" tests="3" skipped="0" failures="0" errors="0" timestamp="2024-03-07T15:42:05" hostname="Adrastea" time="0.055">
  <properties/>
  <testcase name="umaAvaliacaoDentroDaValidadeNaoDeveEstarExpirada" classname="test.java.AvaliacaoSegurancaTest" time="0.045"/>
  <testcase name="umaAvaliacaoForaDaValidadeDeveEstarExpirada" classname="test.java.AvaliacaoSegurancaTest" time="0.0"/>
  <testcase name="criaUmaAvaliacao" classname="test.java.AvaliacaoSegurancaTest" time="0.009"/>
  <system-out><![CDATA[]]></system-out>
  <system-err><![CDATA[]]></system-err>
</testsuite>
