<?xml version="1.0" encoding="UTF-8"?>
<testsuite name="test.java.MotoTest" tests="2" skipped="0" failures="0" errors="0" timestamp="2024-03-07T15:42:05" hostname="Adrastea" time="0.0">
  <properties/>
  <testcase name="aClasseMotoDeveTerDadosDefault" classname="test.java.MotoTest" time="0.0"/>
  <testcase name="criaUmMoto" classname="test.java.MotoTest" time="0.0"/>
  <system-out><![CDATA[]]></system-out>
  <system-err><![CDATA[]]></system-err>
</testsuite>
